{"/Users/apple/Desktop/expense tracker/expense-tracker/src/App.css": {"path":"/Users/apple/Desktop/expense tracker/expense-tracker/src/App.css","statementMap":{"0":{"start":{"line":1,"column":0},"end":{"line":1,"column":19}}},"fnMap":{},"branchMap":{},"s":{"0":1},"f":{},"b":{},"_coverageSchema":"1a1c01bbd47fc00a2c39e90264f33305004495a9","hash":"5fbc40fc1e28496fa327d335d9d3cbb648964e7b"}
,"/Users/apple/Desktop/expense tracker/expense-tracker/src/App.jsx": {"path":"/Users/apple/Desktop/expense tracker/expense-tracker/src/App.jsx","statementMap":{"0":{"start":{"line":5,"column":34},"end":{"line":5,"column":46}},"1":{"start":{"line":6,"column":40},"end":{"line":6,"column":52}},"2":{"start":{"line":7,"column":30},"end":{"line":7,"column":42}},"3":{"start":{"line":8,"column":34},"end":{"line":8,"column":46}},"4":{"start":{"line":9,"column":26},"end":{"line":9,"column":38}},"5":{"start":{"line":10,"column":40},"end":{"line":10,"column":51}},"6":{"start":{"line":12,"column":21},"end":{"line":22,"column":3}},"7":{"start":{"line":13,"column":4},"end":{"line":21,"column":5}},"8":{"start":{"line":14,"column":25},"end":{"line":14,"column":80}},"9":{"start":{"line":15,"column":6},"end":{"line":15,"column":45}},"10":{"start":{"line":16,"column":6},"end":{"line":16,"column":55}},"11":{"start":{"line":17,"column":6},"end":{"line":17,"column":25}},"12":{"start":{"line":18,"column":6},"end":{"line":18,"column":20}},"13":{"start":{"line":19,"column":6},"end":{"line":19,"column":22}},"14":{"start":{"line":20,"column":6},"end":{"line":20,"column":18}},"15":{"start":{"line":24,"column":24},"end":{"line":30,"column":3}},"16":{"start":{"line":25,"column":24},"end":{"line":25,"column":37}},"17":{"start":{"line":26,"column":33},"end":{"line":26,"column":70}},"18":{"start":{"line":27,"column":4},"end":{"line":27,"column":33}},"19":{"start":{"line":28,"column":4},"end":{"line":28,"column":29}},"20":{"start":{"line":29,"column":4},"end":{"line":29,"column":55}},"21":{"start":{"line":32,"column":23},"end":{"line":35,"column":3}},"22":{"start":{"line":33,"column":27},"end":{"line":33,"column":76}},"23":{"start":{"line":33,"column":56},"end":{"line":33,"column":75}},"24":{"start":{"line":34,"column":4},"end":{"line":34,"column":32}},"25":{"start":{"line":37,"column":21},"end":{"line":40,"column":3}},"26":{"start":{"line":38,"column":27},"end":{"line":38,"column":92}},"27":{"start":{"line":38,"column":56},"end":{"line":38,"column":91}},"28":{"start":{"line":39,"column":4},"end":{"line":39,"column":32}},"29":{"start":{"line":42,"column":2},"end":{"line":118,"column":4}},"30":{"start":{"line":53,"column":27},"end":{"line":53,"column":57}},"31":{"start":{"line":59,"column":27},"end":{"line":59,"column":52}},"32":{"start":{"line":65,"column":27},"end":{"line":65,"column":54}},"33":{"start":{"line":76,"column":27},"end":{"line":76,"column":50}},"34":{"start":{"line":94,"column":14},"end":{"line":102,"column":19}},"35":{"start":{"line":100,"column":41},"end":{"line":100,"column":61}}},"fnMap":{"0":{"name":"App","decl":{"start":{"line":4,"column":9},"end":{"line":4,"column":12}},"loc":{"start":{"line":4,"column":15},"end":{"line":119,"column":1}},"line":4},"1":{"name":"(anonymous_1)","decl":{"start":{"line":12,"column":21},"end":{"line":12,"column":22}},"loc":{"start":{"line":12,"column":27},"end":{"line":22,"column":3}},"line":12},"2":{"name":"(anonymous_2)","decl":{"start":{"line":24,"column":24},"end":{"line":24,"column":25}},"loc":{"start":{"line":24,"column":35},"end":{"line":30,"column":3}},"line":24},"3":{"name":"(anonymous_3)","decl":{"start":{"line":32,"column":23},"end":{"line":32,"column":24}},"loc":{"start":{"line":32,"column":29},"end":{"line":35,"column":3}},"line":32},"4":{"name":"(anonymous_4)","decl":{"start":{"line":33,"column":46},"end":{"line":33,"column":47}},"loc":{"start":{"line":33,"column":56},"end":{"line":33,"column":75}},"line":33},"5":{"name":"(anonymous_5)","decl":{"start":{"line":37,"column":21},"end":{"line":37,"column":22}},"loc":{"start":{"line":37,"column":27},"end":{"line":40,"column":3}},"line":37},"6":{"name":"(anonymous_6)","decl":{"start":{"line":38,"column":46},"end":{"line":38,"column":47}},"loc":{"start":{"line":38,"column":56},"end":{"line":38,"column":91}},"line":38},"7":{"name":"(anonymous_7)","decl":{"start":{"line":53,"column":20},"end":{"line":53,"column":21}},"loc":{"start":{"line":53,"column":27},"end":{"line":53,"column":57}},"line":53},"8":{"name":"(anonymous_8)","decl":{"start":{"line":59,"column":20},"end":{"line":59,"column":21}},"loc":{"start":{"line":59,"column":27},"end":{"line":59,"column":52}},"line":59},"9":{"name":"(anonymous_9)","decl":{"start":{"line":65,"column":20},"end":{"line":65,"column":21}},"loc":{"start":{"line":65,"column":27},"end":{"line":65,"column":54}},"line":65},"10":{"name":"(anonymous_10)","decl":{"start":{"line":76,"column":20},"end":{"line":76,"column":21}},"loc":{"start":{"line":76,"column":27},"end":{"line":76,"column":50}},"line":76},"11":{"name":"(anonymous_11)","decl":{"start":{"line":93,"column":26},"end":{"line":93,"column":27}},"loc":{"start":{"line":94,"column":14},"end":{"line":102,"column":19}},"line":94},"12":{"name":"(anonymous_12)","decl":{"start":{"line":100,"column":35},"end":{"line":100,"column":36}},"loc":{"start":{"line":100,"column":41},"end":{"line":100,"column":61}},"line":100}},"branchMap":{"0":{"loc":{"start":{"line":13,"column":4},"end":{"line":21,"column":5}},"type":"if","locations":[{"start":{"line":13,"column":4},"end":{"line":21,"column":5}},{"start":{},"end":{}}],"line":13},"1":{"loc":{"start":{"line":13,"column":8},"end":{"line":13,"column":49}},"type":"binary-expr","locations":[{"start":{"line":13,"column":8},"end":{"line":13,"column":19}},{"start":{"line":13,"column":23},"end":{"line":13,"column":29}},{"start":{"line":13,"column":33},"end":{"line":13,"column":41}},{"start":{"line":13,"column":45},"end":{"line":13,"column":49}}],"line":13}},"s":{"0":71,"1":71,"2":71,"3":71,"4":71,"5":71,"6":71,"7":13,"8":12,"9":12,"10":12,"11":12,"12":12,"13":12,"14":12,"15":71,"16":2,"17":2,"18":2,"19":2,"20":2,"21":71,"22":1,"23":1,"24":1,"25":71,"26":1,"27":2,"28":1,"29":71,"30":12,"31":12,"32":12,"33":12,"34":58,"35":2},"f":{"0":71,"1":13,"2":2,"3":1,"4":1,"5":1,"6":2,"7":12,"8":12,"9":12,"10":12,"11":58,"12":2},"b":{"0":[12,1],"1":[13,12,12,12]},"_coverageSchema":"1a1c01bbd47fc00a2c39e90264f33305004495a9","hash":"2bf5437ba2570ee73a9ec21ef56d73987edbfec4"}
}
