TN:
SF:src/App.css
FNF:0
FNH:0
DA:1,1
LF:1
LH:1
BRF:0
BRH:0
end_of_record
TN:
SF:src/App.jsx
FN:4,App
FN:12,(anonymous_1)
FN:24,(anonymous_2)
FN:32,(anonymous_3)
FN:33,(anonymous_4)
FN:37,(anonymous_5)
FN:38,(anonymous_6)
FN:53,(anonymous_7)
FN:59,(anonymous_8)
FN:65,(anonymous_9)
FN:76,(anonymous_10)
FN:93,(anonymous_11)
FN:100,(anonymous_12)
FNF:13
FNH:13
FNDA:71,App
FNDA:13,(anonymous_1)
FNDA:2,(anonymous_2)
FNDA:1,(anonymous_3)
FNDA:1,(anonymous_4)
FNDA:1,(anonymous_5)
FNDA:2,(anonymous_6)
FNDA:12,(anonymous_7)
FNDA:12,(anonymous_8)
FNDA:12,(anonymous_9)
FNDA:12,(anonymous_10)
FNDA:58,(anonymous_11)
FNDA:2,(anonymous_12)
DA:5,71
DA:6,71
DA:7,71
DA:8,71
DA:9,71
DA:10,71
DA:12,71
DA:13,13
DA:14,12
DA:15,12
DA:16,12
DA:17,12
DA:18,12
DA:19,12
DA:20,12
DA:24,71
DA:25,2
DA:26,2
DA:27,2
DA:28,2
DA:29,2
DA:32,71
DA:33,1
DA:34,1
DA:37,71
DA:38,2
DA:39,1
DA:42,71
DA:53,12
DA:59,12
DA:65,12
DA:76,12
DA:94,58
DA:100,2
LF:34
LH:34
BRDA:13,0,0,12
BRDA:13,0,1,1
BRDA:13,1,0,13
BRDA:13,1,1,12
BRDA:13,1,2,12
BRDA:13,1,3,12
BRF:6
BRH:6
end_of_record
